<?xml version="1.0" encoding="UTF-8"?>
<!-- Generated by org.testng.reporters.JUnitReportReporter -->
<testsuite skipped="0" hostname="Acer" name="com.flipkartTest.MaxFourtyThousands" tests="1" failures="0" timestamp="13 Sep 2021 08:51:11 GMT" time="50.923" errors="0">
  <testcase name="search" time="50.923" classname="com.flipkartTest.MaxFourtyThousands"/>
</testsuite> <!-- com.flipkartTest.MaxFourtyThousands -->
